创建分支:[创建临时分支]并切换到在此分支;结果M	testRun.php
创建分支:[创建临时分支]并切换到在此分支;结果M	testRun.php
创建分支:develop;结果  (use "git pull" to update your local branch)
创建分支:develop;结果  (use "git pull" to update your local branch)
创建分支:develop;结果  (use "git pull" to update your local branch)
创建分支:develop;结果  (use "git pull" to update your local branch)
创建分支:develop;结果M	metaPHP
创建分支:[创建临时分支]并切换到在此分支;结果M	metaPHP
创建分支:develop;结果M	metaPHP
创建分支:[创建临时分支]并切换到在此分支;结果M	metaPHP
创建分支:develop;结果M	metaPHP
创建分支:develop;结果M	metaPHP
创建分支:develop;结果M	metaPHP
创建分支:[创建临时分支]并切换到在此分支;结果M	metaPHP
创建分支:develop;结果M	metaPHP
创建分支:develop;结果M	metaPHP
创建分支:develop;结果M	metaPHP
创建分支:[创建临时分支]并切换到在此分支;结果M	metaPHP
创建分支:develop;结果M	metaPHP
创建分支:develop;结果M	metaPHP
创建分支:develop;结果M	metaPHP
创建分支:develop;结果M	metaPHP
创建分支:develop;结果M	metaPHP
创建分支:develop;结果M	metaPHP
创建分支:develop;结果M	metaPHP
创建分支:develop;结果M	metaPHP
创建分支:develop;结果M	testRun.php
创建分支:develop;结果M	metaPHP
创建分支:develop;结果M	testRun.php
创建分支:develop;结果M	metaPHP
创建分支:develop;结果M	metaPHP
创建分支:develop;结果M	metaPHP
创建分支:develop;结果M	metaPHP
创建分支:develop;结果M	metaPHP
创建分支:develop;结果M	metaPHP
创建分支:develop;结果M	metaPHP
创建分支:develop;结果M	metaPHP
创建分支:develop;结果M	metaPHP
创建分支:develop;结果M	metaPHP
创建分支:develop;结果M	metaPHP
创建分支:develop;结果M	metaPHP
创建分支:develop;结果M	metaPHP
创建分支:develop;结果M	metaPHP
创建分支:develop;结果M	metaPHP
创建分支:develop;结果M	metaPHP
创建分支:develop;结果M	metaPHP
创建分支:develop;结果M	metaPHP
创建分支:develop;结果M	metaPHP
创建分支:develop;结果M	metaPHP
创建分支:develop;结果M	metaPHP
创建分支:develop;结果M	metaPHP
创建分支:develop;结果M	metaPHP
创建分支:develop;结果M	testRun.php
创建分支:develop;结果M	metaPHP
创建分支:develop;结果M	testRun.php
创建分支:develop;结果M	metaPHP
创建分支:develop;结果M	metaPHP
创建分支:develop;结果M	metaPHP
创建分支:develop;结果M	metaPHP
创建分支:develop;结果M	metaPHP
创建分支:develop;结果M	testRun.php
创建分支:develop;结果M	metaPHP
创建分支:develop;结果M	metaPHP
创建分支:develop;结果M	metaPHP
创建分支:develop;结果M	metaPHP
创建分支:develop;结果M	metaPHP
创建分支:develop;结果M	metaPHP
创建分支:develop;结果M	metaPHP
创建分支:develop;结果M	metaPHP
创建分支:develop;结果M	metaPHP
创建分支:develop;结果M	metaPHP
创建分支:develop;结果M	metaPHP
创建分支:develop;结果M	testRun.php
创建分支:develop;结果M	metaPHP
创建分支:develop;结果M	metaPHP
创建分支:develop;结果M	metaPHP
创建分支:develop;结果M	metaPHP
创建分支:develop;结果M	metaPHP
创建分支:develop;结果M	metaPHP
创建分支:develop;结果M	metaPHP
创建分支:develop;结果M	metaPHP
创建分支:develop;结果M	metaPHP
创建分支:develop;结果M	metaPHP
创建分支:develop;结果M	metaPHP
创建分支:develop;结果M	metaPHP
创建分支:develop;结果M	metaPHP
创建分支:develop;结果M	testRun.php
创建分支:develop;结果M	metaPHP
创建分支:develop;结果M	metaPHP
创建分支:develop;结果M	metaPHP
创建分支:develop;结果M	metaPHP
创建分支:develop;结果M	metaPHP
创建分支:develop;结果M	metaPHP
创建分支:develop;结果M	metaPHP
创建分支:develop;结果M	metaPHP
创建分支:develop;结果M	metaPHP
创建分支:develop;结果M	metaPHP
创建分支:develop;结果M	metaPHP
创建分支:develop;结果M	metaPHP
创建分支:develop;结果M	metaPHP
创建分支:develop;结果
创建分支:develop;结果
创建分支:develop;结果
创建分支:develop;结果
创建分支:develop;结果
创建分支:develop;结果
创建分支:develop;结果
创建分支:develop;结果
创建分支:develop;结果
创建分支:develop;结果
创建分支:develop;结果
创建分支:develop;结果
创建分支:develop;结果M	metaPHP
创建分支:develop;结果M	metaPHP
创建分支:develop;结果M	metaPHP
创建分支:develop;结果M	metaPHP
创建分支:develop;结果M	metaPHP
创建分支:develop;结果M	metaPHP
创建分支:develop;结果M	metaPHP
创建分支:develop;结果M	metaPHP
创建分支:develop;结果M	metaPHP
创建分支:develop;结果M	metaPHP
创建分支:develop;结果M	metaPHP
创建分支:develop;结果M	metaPHP
创建分支:develop;结果M	metaPHP
创建分支:develop;结果M	metaPHP
创建分支:develop;结果M	metaPHP
创建分支:develop;结果M	metaPHP
创建分支:develop;结果M	metaPHP
创建分支:develop;结果M	metaPHP
创建分支:develop;结果M	metaPHP
创建分支:develop;结果M	metaPHP
创建分支:develop;结果
创建分支:develop;结果
创建分支:develop;结果
创建分支:develop;结果
创建分支:develop;结果M	metaPHP
创建分支:develop;结果M	metaPHP
创建分支:develop;结果M	metaPHP
创建分支:develop;结果M	metaPHP
创建分支:develop;结果M	metaPHP
创建分支:develop;结果M	metaPHP
创建分支:develop;结果M	metaPHP
创建分支:develop;结果M	metaPHP
创建分支:develop;结果M	metaPHP
创建分支:develop;结果M	metaPHP
创建分支:develop;结果M	metaPHP
创建分支:develop;结果M	metaPHP
创建分支:develop;结果M	metaPHP
创建分支:develop;结果M	metaPHP
创建分支:develop;结果M	metaPHP
创建分支:develop;结果M	metaPHP
创建分支:develop;结果M	metaPHP
创建分支:develop;结果M	metaPHP
创建分支:develop;结果M	testRun.php
创建分支:develop;结果M	testRun.php
创建分支:develop;结果M	testRun.php
创建分支:develop;结果M	testRun.php
创建分支:develop;结果M	testRun.php
创建分支:develop;结果M	testRun.php
创建分支:develop;结果M	testRun.php
创建分支:develop;结果M	testRun.php
创建分支:develop;结果M	testRun.php
创建分支:develop;结果M	testRun.php
创建分支:develop;结果M	testRun.php
创建分支:develop;结果M	testRun.php
创建分支:develop;结果  (use "git pull" to update your local branch)
创建分支:develop;结果  (use "git pull" to update your local branch)
创建分支:develop;结果  (use "git pull" to update your local branch)
创建分支:develop;结果  (use "git pull" to update your local branch)
创建分支:develop;结果M	testRun.php
创建分支:develop;结果M	testRun.php
创建分支:develop;结果M	testRun.php
创建分支:develop;结果M	testRun.php
创建分支:develop;结果M	testRun.php
创建分支:develop;结果M	testRun.php
创建分支:develop;结果M	testRun.php
创建分支:develop;结果M	testRun.php
创建分支:develop;结果M	testRun.php
创建分支:develop;结果M	testRun.php
创建分支:develop;结果M	testRun.php
创建分支:develop;结果M	testRun.php
创建分支:develop;结果M	testRun.php
创建分支:develop;结果M	metaPHP
创建分支:develop;结果M	metaPHP
创建分支:develop;结果M	metaPHP
创建分支:develop;结果M	metaPHP
创建分支:develop;结果M	metaPHP
创建分支:develop;结果M	metaPHP
创建分支:develop;结果M	metaPHP
创建分支:develop;结果M	metaPHP
创建分支:develop;结果M	metaPHP
创建分支:develop;结果M	testRun.php
创建分支:develop;结果M	metaPHP
创建分支:develop;结果M	metaPHP
创建分支:develop;结果M	metaPHP
创建分支:develop;结果M	metaPHP
创建分支:develop;结果M	metaPHP
创建分支:develop;结果M	metaPHP
创建分支:develop;结果M	metaPHP
创建分支:develop;结果M	metaPHP
创建分支:develop;结果M	metaPHP
创建分支:develop;结果M	metaPHP
创建分支:develop;结果M	metaPHP
创建分支:develop;结果M	metaPHP
创建分支:develop;结果M	metaPHP
创建分支:develop;结果M	metaPHP
创建分支:develop;结果M	metaPHP
创建分支:develop;结果M	metaPHP
创建分支:develop;结果M	metaPHP
创建分支:develop;结果M	metaPHP
创建分支:develop;结果M	metaPHP
创建分支:develop;结果M	metaPHP
创建分支:develop;结果M	metaPHP
创建分支:develop;结果M	metaPHP
创建分支:develop;结果M	metaPHP
创建分支:develop;结果M	metaPHP
创建分支:develop;结果M	metaPHP
创建分支:develop;结果M	testRun.php
创建分支:develop;结果M	metaPHP
创建分支:develop;结果M	metaPHP
创建分支:develop;结果M	metaPHP
创建分支:develop;结果M	metaPHP
创建分支:develop;结果M	metaPHP
创建分支:develop;结果M	metaPHP
创建分支:develop;结果M	metaPHP
创建分支:develop;结果M	metaPHP
创建分支:develop;结果M	metaPHP
创建分支:develop;结果M	metaPHP
创建分支:develop;结果M	metaPHP
创建分支:develop;结果M	testRun.php
创建分支:develop;结果M	metaPHP
创建分支:develop;结果M	metaPHP
创建分支:develop;结果M	metaPHP
创建分支:develop;结果M	metaPHP
创建分支:develop;结果M	metaPHP
创建分支:develop;结果M	metaPHP
创建分支:develop;结果M	metaPHP
创建分支:develop;结果M	metaPHP
创建分支:develop;结果M	metaPHP
创建分支:develop;结果M	metaPHP
创建分支:develop;结果M	metaPHP
创建分支:develop;结果M	metaPHP
创建分支:develop;结果M	metaPHP
创建分支:develop;结果M	metaPHP
创建分支:develop;结果M	metaPHP
创建分支:develop;结果M	metaPHP
创建分支:develop;结果M	metaPHP
创建分支:develop;结果M	metaPHP
创建分支:develop;结果M	metaPHP
创建分支:develop;结果M	metaPHP
创建分支:develop;结果M	metaPHP
创建分支:develop;结果M	metaPHP
创建分支:develop;结果M	metaPHP
创建分支:develop;结果M	metaPHP
创建分支:develop;结果M	metaPHP
创建分支:develop;结果M	metaPHP
创建分支:develop;结果M	metaPHP
创建分支:develop;结果M	metaPHP
创建分支:develop;结果M	metaPHP
创建分支:develop;结果M	metaPHP
创建分支:develop;结果M	metaPHP
创建分支:develop;结果M	metaPHP
创建分支:develop;结果M	metaPHP
创建分支:develop;结果M	metaPHP
创建分支:develop;结果M	metaPHP
创建分支:[去掉了ceshi.txt]并切换到在此分支;结果M	metaPHP
创建分支:[去掉了ceshi.txt]并切换到在此分支;结果A	metaPHPCacheFile/mergeBranch.log
创建分支:[去掉了ceshi.txt]并切换到在此分支;结果A	metaPHPCacheFile/mergeBranch.log
创建分支:[去掉了ceshi.txt]并切换到在此分支;结果
创建分支:[去掉了ceshi.txt]并切换到在此分支;结果
创建分支:[去掉了ceshi.txt]并切换到在此分支;结果
创建分支:develop;结果M	metaPHPCacheFile/githubReceive.log
创建分支:[添加一个通用父类]并切换到在此分支;结果M	metaPHPCacheFile/githubReceive.log
创建分支:develop;结果M	metaPHPCacheFile/mergeBranch.log
创建分支:develop;结果M	metaPHPCacheFile/mergeBranch.log
